{"D:\\SCHOOL - Copy\\BACK-END-BOOTCAMP\\CLASSWORK\\Quote-API\\new-server.js": {"path":"D:\\SCHOOL - Copy\\BACK-END-BOOTCAMP\\CLASSWORK\\Quote-API\\new-server.js","statementMap":{"0":{"start":{"line":1,"column":16},"end":{"line":1,"column":34}},"1":{"start":{"line":2,"column":15},"end":{"line":2,"column":32}},"2":{"start":{"line":3,"column":11},"end":{"line":3,"column":29}},"3":{"start":{"line":4,"column":12},"end":{"line":4,"column":27}},"4":{"start":{"line":5,"column":21},"end":{"line":5,"column":53}},"5":{"start":{"line":6,"column":22},"end":{"line":6,"column":55}},"6":{"start":{"line":7,"column":19},"end":{"line":7,"column":50}},"7":{"start":{"line":8,"column":13},"end":{"line":8,"column":28}},"8":{"start":{"line":12,"column":12},"end":{"line":12,"column":21}},"9":{"start":{"line":16,"column":0},"end":{"line":16,"column":24}},"10":{"start":{"line":18,"column":0},"end":{"line":18,"column":16}},"11":{"start":{"line":21,"column":24},"end":{"line":21,"column":110}},"12":{"start":{"line":23,"column":0},"end":{"line":23,"column":56}},"13":{"start":{"line":27,"column":0},"end":{"line":27,"column":33}},"14":{"start":{"line":28,"column":0},"end":{"line":28,"column":35}},"15":{"start":{"line":29,"column":0},"end":{"line":29,"column":30}},"16":{"start":{"line":31,"column":0},"end":{"line":33,"column":3}},"17":{"start":{"line":32,"column":2},"end":{"line":32,"column":42}},"18":{"start":{"line":36,"column":0},"end":{"line":36,"column":21}}},"fnMap":{"0":{"name":"(anonymous_0)","decl":{"start":{"line":31,"column":13},"end":{"line":31,"column":14}},"loc":{"start":{"line":31,"column":27},"end":{"line":33,"column":1}},"line":31}},"branchMap":{},"s":{"0":1,"1":1,"2":1,"3":1,"4":1,"5":1,"6":1,"7":1,"8":1,"9":1,"10":1,"11":1,"12":1,"13":1,"14":1,"15":1,"16":1,"17":0,"18":1},"f":{"0":0},"b":{},"_coverageSchema":"1a1c01bbd47fc00a2c39e90264f33305004495a9","hash":"6294976d080f937eb44a76d6af88bbcefc2a8db3"}
,"D:\\SCHOOL - Copy\\BACK-END-BOOTCAMP\\CLASSWORK\\Quote-API\\controllers\\authorController.js": {"path":"D:\\SCHOOL - Copy\\BACK-END-BOOTCAMP\\CLASSWORK\\Quote-API\\controllers\\authorController.js","statementMap":{"0":{"start":{"line":2,"column":25},"end":{"line":2,"column":50}},"1":{"start":{"line":3,"column":13},"end":{"line":3,"column":28}},"2":{"start":{"line":4,"column":15},"end":{"line":4,"column":33}},"3":{"start":{"line":5,"column":21},"end":{"line":5,"column":49}},"4":{"start":{"line":7,"column":19},"end":{"line":24,"column":1}},"5":{"start":{"line":8,"column":2},"end":{"line":22,"column":3}},"6":{"start":{"line":9,"column":16},"end":{"line":13,"column":4}},"7":{"start":{"line":14,"column":2},"end":{"line":14,"column":49}},"8":{"start":{"line":18,"column":4},"end":{"line":20,"column":33}},"9":{"start":{"line":27,"column":23},"end":{"line":52,"column":1}},"10":{"start":{"line":28,"column":2},"end":{"line":51,"column":1}},"11":{"start":{"line":29,"column":14},"end":{"line":29,"column":37}},"12":{"start":{"line":30,"column":20},"end":{"line":38,"column":4}},"13":{"start":{"line":41,"column":4},"end":{"line":41,"column":83}},"14":{"start":{"line":47,"column":2},"end":{"line":49,"column":19}},"15":{"start":{"line":56,"column":22},"end":{"line":86,"column":1}},"16":{"start":{"line":57,"column":2},"end":{"line":85,"column":3}},"17":{"start":{"line":58,"column":34},"end":{"line":58,"column":42}},"18":{"start":{"line":59,"column":4},"end":{"line":61,"column":5}},"19":{"start":{"line":60,"column":6},"end":{"line":60,"column":107}},"20":{"start":{"line":63,"column":21},"end":{"line":76,"column":6}},"21":{"start":{"line":78,"column":4},"end":{"line":78,"column":91}},"22":{"start":{"line":82,"column":4},"end":{"line":84,"column":33}},"23":{"start":{"line":90,"column":26},"end":{"line":110,"column":1}},"24":{"start":{"line":91,"column":2},"end":{"line":109,"column":3}},"25":{"start":{"line":92,"column":15},"end":{"line":92,"column":38}},"26":{"start":{"line":93,"column":25},"end":{"line":101,"column":6}},"27":{"start":{"line":102,"column":4},"end":{"line":102,"column":81}},"28":{"start":{"line":105,"column":4},"end":{"line":107,"column":33}},"29":{"start":{"line":112,"column":26},"end":{"line":127,"column":1}},"30":{"start":{"line":113,"column":1},"end":{"line":125,"column":2}},"31":{"start":{"line":114,"column":21},"end":{"line":118,"column":2}},"32":{"start":{"line":119,"column":0},"end":{"line":119,"column":80}},"33":{"start":{"line":122,"column":2},"end":{"line":124,"column":33}},"34":{"start":{"line":130,"column":0},"end":{"line":136,"column":2}}},"fnMap":{"0":{"name":"(anonymous_0)","decl":{"start":{"line":7,"column":19},"end":{"line":7,"column":20}},"loc":{"start":{"line":7,"column":38},"end":{"line":24,"column":1}},"line":7},"1":{"name":"(anonymous_1)","decl":{"start":{"line":27,"column":23},"end":{"line":27,"column":24}},"loc":{"start":{"line":27,"column":43},"end":{"line":52,"column":1}},"line":27},"2":{"name":"(anonymous_2)","decl":{"start":{"line":56,"column":22},"end":{"line":56,"column":23}},"loc":{"start":{"line":56,"column":41},"end":{"line":86,"column":1}},"line":56},"3":{"name":"(anonymous_3)","decl":{"start":{"line":90,"column":26},"end":{"line":90,"column":27}},"loc":{"start":{"line":90,"column":45},"end":{"line":110,"column":1}},"line":90},"4":{"name":"(anonymous_4)","decl":{"start":{"line":112,"column":26},"end":{"line":112,"column":27}},"loc":{"start":{"line":112,"column":45},"end":{"line":127,"column":1}},"line":112}},"branchMap":{"0":{"loc":{"start":{"line":59,"column":4},"end":{"line":61,"column":5}},"type":"if","locations":[{"start":{"line":59,"column":4},"end":{"line":61,"column":5}},{"start":{},"end":{}}],"line":59},"1":{"loc":{"start":{"line":59,"column":8},"end":{"line":59,"column":72}},"type":"binary-expr","locations":[{"start":{"line":59,"column":8},"end":{"line":59,"column":13}},{"start":{"line":59,"column":17},"end":{"line":59,"column":25}},{"start":{"line":59,"column":29},"end":{"line":59,"column":36}},{"start":{"line":59,"column":40},"end":{"line":59,"column":52}},{"start":{"line":59,"column":56},"end":{"line":59,"column":72}}],"line":59}},"s":{"0":1,"1":1,"2":1,"3":1,"4":1,"5":0,"6":0,"7":0,"8":0,"9":1,"10":0,"11":0,"12":0,"13":0,"14":0,"15":1,"16":0,"17":0,"18":0,"19":0,"20":0,"21":0,"22":0,"23":1,"24":0,"25":0,"26":0,"27":0,"28":0,"29":1,"30":0,"31":0,"32":0,"33":0,"34":1},"f":{"0":0,"1":0,"2":0,"3":0,"4":0},"b":{"0":[0,0],"1":[0,0,0,0,0]},"_coverageSchema":"1a1c01bbd47fc00a2c39e90264f33305004495a9","hash":"06a22bf2c5417a4557e6da5c0163052e6edd37c7"}
,"D:\\SCHOOL - Copy\\BACK-END-BOOTCAMP\\CLASSWORK\\Quote-API\\controllers\\quoteController.js": {"path":"D:\\SCHOOL - Copy\\BACK-END-BOOTCAMP\\CLASSWORK\\Quote-API\\controllers\\quoteController.js","statementMap":{"0":{"start":{"line":1,"column":25},"end":{"line":1,"column":50}},"1":{"start":{"line":2,"column":13},"end":{"line":2,"column":28}},"2":{"start":{"line":3,"column":15},"end":{"line":3,"column":33}},"3":{"start":{"line":4,"column":24},"end":{"line":4,"column":52}},"4":{"start":{"line":6,"column":18},"end":{"line":15,"column":1}},"5":{"start":{"line":7,"column":2},"end":{"line":14,"column":3}},"6":{"start":{"line":8,"column":17},"end":{"line":8,"column":46}},"7":{"start":{"line":9,"column":4},"end":{"line":9,"column":21}},"8":{"start":{"line":11,"column":4},"end":{"line":13,"column":38}},"9":{"start":{"line":17,"column":22},"end":{"line":36,"column":1}},"10":{"start":{"line":18,"column":2},"end":{"line":35,"column":3}},"11":{"start":{"line":19,"column":15},"end":{"line":19,"column":38}},"12":{"start":{"line":20,"column":22},"end":{"line":24,"column":6}},"13":{"start":{"line":25,"column":4},"end":{"line":29,"column":5}},"14":{"start":{"line":26,"column":6},"end":{"line":26,"column":76}},"15":{"start":{"line":28,"column":6},"end":{"line":28,"column":60}},"16":{"start":{"line":32,"column":4},"end":{"line":34,"column":38}},"17":{"start":{"line":38,"column":21},"end":{"line":70,"column":1}},"18":{"start":{"line":39,"column":2},"end":{"line":69,"column":3}},"19":{"start":{"line":40,"column":39},"end":{"line":40,"column":47}},"20":{"start":{"line":43,"column":4},"end":{"line":49,"column":5}},"21":{"start":{"line":44,"column":6},"end":{"line":48,"column":11}},"22":{"start":{"line":51,"column":21},"end":{"line":61,"column":6}},"23":{"start":{"line":62,"column":4},"end":{"line":64,"column":60}},"24":{"start":{"line":66,"column":4},"end":{"line":68,"column":38}},"25":{"start":{"line":72,"column":25},"end":{"line":89,"column":1}},"26":{"start":{"line":73,"column":2},"end":{"line":88,"column":3}},"27":{"start":{"line":74,"column":25},"end":{"line":79,"column":6}},"28":{"start":{"line":80,"column":4},"end":{"line":82,"column":5}},"29":{"start":{"line":81,"column":6},"end":{"line":81,"column":64}},"30":{"start":{"line":83,"column":4},"end":{"line":83,"column":57}},"31":{"start":{"line":85,"column":4},"end":{"line":87,"column":38}},"32":{"start":{"line":91,"column":25},"end":{"line":116,"column":1}},"33":{"start":{"line":92,"column":2},"end":{"line":115,"column":3}},"34":{"start":{"line":93,"column":25},"end":{"line":97,"column":6}},"35":{"start":{"line":99,"column":0},"end":{"line":107,"column":1}},"36":{"start":{"line":100,"column":3},"end":{"line":102,"column":56}},"37":{"start":{"line":106,"column":2},"end":{"line":106,"column":63}},"38":{"start":{"line":112,"column":4},"end":{"line":114,"column":38}},"39":{"start":{"line":118,"column":0},"end":{"line":124,"column":2}}},"fnMap":{"0":{"name":"(anonymous_0)","decl":{"start":{"line":6,"column":18},"end":{"line":6,"column":19}},"loc":{"start":{"line":6,"column":38},"end":{"line":15,"column":1}},"line":6},"1":{"name":"(anonymous_1)","decl":{"start":{"line":17,"column":22},"end":{"line":17,"column":23}},"loc":{"start":{"line":17,"column":42},"end":{"line":36,"column":1}},"line":17},"2":{"name":"(anonymous_2)","decl":{"start":{"line":38,"column":21},"end":{"line":38,"column":22}},"loc":{"start":{"line":38,"column":41},"end":{"line":70,"column":1}},"line":38},"3":{"name":"(anonymous_3)","decl":{"start":{"line":72,"column":25},"end":{"line":72,"column":26}},"loc":{"start":{"line":72,"column":45},"end":{"line":89,"column":1}},"line":72},"4":{"name":"(anonymous_4)","decl":{"start":{"line":91,"column":25},"end":{"line":91,"column":26}},"loc":{"start":{"line":91,"column":45},"end":{"line":116,"column":1}},"line":91}},"branchMap":{"0":{"loc":{"start":{"line":25,"column":4},"end":{"line":29,"column":5}},"type":"if","locations":[{"start":{"line":25,"column":4},"end":{"line":29,"column":5}},{"start":{"line":27,"column":11},"end":{"line":29,"column":5}}],"line":25},"1":{"loc":{"start":{"line":43,"column":4},"end":{"line":49,"column":5}},"type":"if","locations":[{"start":{"line":43,"column":4},"end":{"line":49,"column":5}},{"start":{},"end":{}}],"line":43},"2":{"loc":{"start":{"line":43,"column":8},"end":{"line":43,"column":37}},"type":"binary-expr","locations":[{"start":{"line":43,"column":8},"end":{"line":43,"column":13}},{"start":{"line":43,"column":17},"end":{"line":43,"column":26}},{"start":{"line":43,"column":30},"end":{"line":43,"column":37}}],"line":43},"3":{"loc":{"start":{"line":80,"column":4},"end":{"line":82,"column":5}},"type":"if","locations":[{"start":{"line":80,"column":4},"end":{"line":82,"column":5}},{"start":{},"end":{}}],"line":80},"4":{"loc":{"start":{"line":99,"column":0},"end":{"line":107,"column":1}},"type":"if","locations":[{"start":{"line":99,"column":0},"end":{"line":107,"column":1}},{"start":{"line":105,"column":4},"end":{"line":107,"column":1}}],"line":99}},"s":{"0":1,"1":1,"2":1,"3":1,"4":1,"5":1,"6":1,"7":1,"8":0,"9":1,"10":0,"11":0,"12":0,"13":0,"14":0,"15":0,"16":0,"17":1,"18":0,"19":0,"20":0,"21":0,"22":0,"23":0,"24":0,"25":1,"26":0,"27":0,"28":0,"29":0,"30":0,"31":0,"32":1,"33":0,"34":0,"35":0,"36":0,"37":0,"38":0,"39":1},"f":{"0":1,"1":0,"2":0,"3":0,"4":0},"b":{"0":[0,0],"1":[0,0],"2":[0,0,0],"3":[0,0],"4":[0,0]},"_coverageSchema":"1a1c01bbd47fc00a2c39e90264f33305004495a9","hash":"44ee251a4db0c750aa0b18237a6773102616e117"}
,"D:\\SCHOOL - Copy\\BACK-END-BOOTCAMP\\CLASSWORK\\Quote-API\\controllers\\userController.js": {"path":"D:\\SCHOOL - Copy\\BACK-END-BOOTCAMP\\CLASSWORK\\Quote-API\\controllers\\userController.js","statementMap":{"0":{"start":{"line":1,"column":25},"end":{"line":1,"column":50}},"1":{"start":{"line":2,"column":15},"end":{"line":2,"column":33}},"2":{"start":{"line":3,"column":24},"end":{"line":3,"column":52}},"3":{"start":{"line":4,"column":12},"end":{"line":4,"column":35}},"4":{"start":{"line":5,"column":0},"end":{"line":5,"column":25}},"5":{"start":{"line":6,"column":15},"end":{"line":6,"column":32}},"6":{"start":{"line":11,"column":17},"end":{"line":20,"column":1}},"7":{"start":{"line":12,"column":2},"end":{"line":19,"column":3}},"8":{"start":{"line":13,"column":16},"end":{"line":13,"column":44}},"9":{"start":{"line":14,"column":4},"end":{"line":14,"column":20}},"10":{"start":{"line":16,"column":4},"end":{"line":18,"column":38}},"11":{"start":{"line":23,"column":14},"end":{"line":48,"column":1}},"12":{"start":{"line":24,"column":2},"end":{"line":47,"column":3}},"13":{"start":{"line":25,"column":42},"end":{"line":25,"column":50}},"14":{"start":{"line":26,"column":26},"end":{"line":26,"column":56}},"15":{"start":{"line":28,"column":19},"end":{"line":39,"column":6}},"16":{"start":{"line":40,"column":4},"end":{"line":40,"column":92}},"17":{"start":{"line":44,"column":0},"end":{"line":44,"column":18}},"18":{"start":{"line":45,"column":0},"end":{"line":45,"column":106}},"19":{"start":{"line":53,"column":19},"end":{"line":95,"column":3}},"20":{"start":{"line":54,"column":4},"end":{"line":94,"column":5}},"21":{"start":{"line":55,"column":34},"end":{"line":55,"column":42}},"22":{"start":{"line":57,"column":17},"end":{"line":61,"column":8}},"23":{"start":{"line":62,"column":8},"end":{"line":85,"column":9}},"24":{"start":{"line":64,"column":32},"end":{"line":64,"column":76}},"25":{"start":{"line":66,"column":12},"end":{"line":81,"column":13}},"26":{"start":{"line":68,"column":27},"end":{"line":72,"column":17}},"27":{"start":{"line":77,"column":16},"end":{"line":77,"column":85}},"28":{"start":{"line":80,"column":16},"end":{"line":80,"column":86}},"29":{"start":{"line":84,"column":12},"end":{"line":84,"column":96}},"30":{"start":{"line":91,"column":6},"end":{"line":93,"column":40}},"31":{"start":{"line":143,"column":0},"end":{"line":149,"column":4}}},"fnMap":{"0":{"name":"(anonymous_0)","decl":{"start":{"line":11,"column":17},"end":{"line":11,"column":18}},"loc":{"start":{"line":11,"column":37},"end":{"line":20,"column":1}},"line":11},"1":{"name":"(anonymous_1)","decl":{"start":{"line":23,"column":14},"end":{"line":23,"column":15}},"loc":{"start":{"line":23,"column":30},"end":{"line":48,"column":1}},"line":23},"2":{"name":"(anonymous_2)","decl":{"start":{"line":53,"column":19},"end":{"line":53,"column":20}},"loc":{"start":{"line":53,"column":39},"end":{"line":95,"column":3}},"line":53}},"branchMap":{"0":{"loc":{"start":{"line":62,"column":8},"end":{"line":85,"column":9}},"type":"if","locations":[{"start":{"line":62,"column":8},"end":{"line":85,"column":9}},{"start":{"line":83,"column":13},"end":{"line":85,"column":9}}],"line":62},"1":{"loc":{"start":{"line":66,"column":12},"end":{"line":81,"column":13}},"type":"if","locations":[{"start":{"line":66,"column":12},"end":{"line":81,"column":13}},{"start":{"line":79,"column":16},"end":{"line":81,"column":13}}],"line":66}},"s":{"0":1,"1":1,"2":1,"3":1,"4":1,"5":1,"6":1,"7":0,"8":0,"9":0,"10":0,"11":1,"12":0,"13":0,"14":0,"15":0,"16":0,"17":0,"18":0,"19":1,"20":0,"21":0,"22":0,"23":0,"24":0,"25":0,"26":0,"27":0,"28":0,"29":0,"30":0,"31":1},"f":{"0":0,"1":0,"2":0},"b":{"0":[0,0],"1":[0,0]},"_coverageSchema":"1a1c01bbd47fc00a2c39e90264f33305004495a9","hash":"3cacb8b2c967d6c2881fb84d34f2afa8ac558b2d"}
,"D:\\SCHOOL - Copy\\BACK-END-BOOTCAMP\\CLASSWORK\\Quote-API\\routes\\authorsRouter.js": {"path":"D:\\SCHOOL - Copy\\BACK-END-BOOTCAMP\\CLASSWORK\\Quote-API\\routes\\authorsRouter.js","statementMap":{"0":{"start":{"line":1,"column":16},"end":{"line":1,"column":34}},"1":{"start":{"line":4,"column":22},"end":{"line":4,"column":38}},"2":{"start":{"line":5,"column":25},"end":{"line":5,"column":67}},"3":{"start":{"line":6,"column":22},"end":{"line":6,"column":53}},"4":{"start":{"line":7,"column":24},"end":{"line":7,"column":63}},"5":{"start":{"line":10,"column":0},"end":{"line":10,"column":52}},"6":{"start":{"line":11,"column":0},"end":{"line":11,"column":59}},"7":{"start":{"line":12,"column":0},"end":{"line":12,"column":56}},"8":{"start":{"line":13,"column":0},"end":{"line":13,"column":90}},"9":{"start":{"line":14,"column":0},"end":{"line":14,"column":65}},"10":{"start":{"line":16,"column":0},"end":{"line":16,"column":31}}},"fnMap":{},"branchMap":{},"s":{"0":1,"1":1,"2":1,"3":1,"4":1,"5":1,"6":1,"7":1,"8":1,"9":1,"10":1},"f":{},"b":{},"_coverageSchema":"1a1c01bbd47fc00a2c39e90264f33305004495a9","hash":"5bc90ec27c733b34c4fdca5dc4e170b418c5521a"}
,"D:\\SCHOOL - Copy\\BACK-END-BOOTCAMP\\CLASSWORK\\Quote-API\\routes\\quotesRouter.js": {"path":"D:\\SCHOOL - Copy\\BACK-END-BOOTCAMP\\CLASSWORK\\Quote-API\\routes\\quotesRouter.js","statementMap":{"0":{"start":{"line":1,"column":16},"end":{"line":1,"column":34}},"1":{"start":{"line":3,"column":21},"end":{"line":3,"column":37}},"2":{"start":{"line":4,"column":24},"end":{"line":4,"column":65}},"3":{"start":{"line":5,"column":21},"end":{"line":5,"column":52}},"4":{"start":{"line":6,"column":24},"end":{"line":6,"column":63}},"5":{"start":{"line":10,"column":0},"end":{"line":10,"column":48}},"6":{"start":{"line":11,"column":0},"end":{"line":11,"column":56}},"7":{"start":{"line":12,"column":0},"end":{"line":12,"column":80}},"8":{"start":{"line":13,"column":0},"end":{"line":13,"column":59}},"9":{"start":{"line":14,"column":0},"end":{"line":14,"column":62}},"10":{"start":{"line":17,"column":0},"end":{"line":17,"column":30}}},"fnMap":{},"branchMap":{},"s":{"0":1,"1":1,"2":1,"3":1,"4":1,"5":1,"6":1,"7":1,"8":1,"9":1,"10":1},"f":{},"b":{},"_coverageSchema":"1a1c01bbd47fc00a2c39e90264f33305004495a9","hash":"8aad60556f092692c08f20a8b9166666de32a7ed"}
,"D:\\SCHOOL - Copy\\BACK-END-BOOTCAMP\\CLASSWORK\\Quote-API\\routes\\usersRouter.js": {"path":"D:\\SCHOOL - Copy\\BACK-END-BOOTCAMP\\CLASSWORK\\Quote-API\\routes\\usersRouter.js","statementMap":{"0":{"start":{"line":2,"column":16},"end":{"line":2,"column":34}},"1":{"start":{"line":3,"column":20},"end":{"line":3,"column":36}},"2":{"start":{"line":4,"column":55},"end":{"line":4,"column":95}},"3":{"start":{"line":5,"column":22},"end":{"line":5,"column":55}},"4":{"start":{"line":9,"column":0},"end":{"line":9,"column":46}},"5":{"start":{"line":10,"column":0},"end":{"line":10,"column":39}},"6":{"start":{"line":11,"column":0},"end":{"line":11,"column":36}},"7":{"start":{"line":15,"column":0},"end":{"line":15,"column":29}}},"fnMap":{},"branchMap":{},"s":{"0":1,"1":1,"2":1,"3":1,"4":1,"5":1,"6":1,"7":1},"f":{},"b":{},"_coverageSchema":"1a1c01bbd47fc00a2c39e90264f33305004495a9","hash":"1e92853630d62a553bcd69f56efa4292b0de73a0"}
,"D:\\SCHOOL - Copy\\BACK-END-BOOTCAMP\\CLASSWORK\\Quote-API\\utils\\joi-quote-validator.js": {"path":"D:\\SCHOOL - Copy\\BACK-END-BOOTCAMP\\CLASSWORK\\Quote-API\\utils\\joi-quote-validator.js","statementMap":{"0":{"start":{"line":1,"column":20},"end":{"line":11,"column":1}},"1":{"start":{"line":2,"column":4},"end":{"line":10,"column":5}},"2":{"start":{"line":3,"column":30},"end":{"line":3,"column":55}},"3":{"start":{"line":4,"column":8},"end":{"line":9,"column":9}},"4":{"start":{"line":5,"column":12},"end":{"line":5,"column":66}},"5":{"start":{"line":8,"column":12},"end":{"line":8,"column":18}},"6":{"start":{"line":14,"column":0},"end":{"line":14,"column":26}},"7":{"start":{"line":17,"column":0},"end":{"line":20,"column":1}}},"fnMap":{"0":{"name":"(anonymous_0)","decl":{"start":{"line":1,"column":20},"end":{"line":1,"column":21}},"loc":{"start":{"line":1,"column":30},"end":{"line":11,"column":1}},"line":1},"1":{"name":"(anonymous_1)","decl":{"start":{"line":2,"column":11},"end":{"line":2,"column":12}},"loc":{"start":{"line":2,"column":33},"end":{"line":10,"column":5}},"line":2}},"branchMap":{"0":{"loc":{"start":{"line":4,"column":8},"end":{"line":9,"column":9}},"type":"if","locations":[{"start":{"line":4,"column":8},"end":{"line":9,"column":9}},{"start":{"line":7,"column":12},"end":{"line":9,"column":9}}],"line":4}},"s":{"0":1,"1":2,"2":1,"3":1,"4":1,"5":0,"6":1,"7":1},"f":{"0":2,"1":1},"b":{"0":[1,0]},"_coverageSchema":"1a1c01bbd47fc00a2c39e90264f33305004495a9","hash":"76e2b0dae3701acc1703bb6a0a179303b0ea4a2a"}
,"D:\\SCHOOL - Copy\\BACK-END-BOOTCAMP\\CLASSWORK\\Quote-API\\utils\\joi-schemas.js": {"path":"D:\\SCHOOL - Copy\\BACK-END-BOOTCAMP\\CLASSWORK\\Quote-API\\utils\\joi-schemas.js","statementMap":{"0":{"start":{"line":1,"column":10},"end":{"line":1,"column":24}},"1":{"start":{"line":3,"column":18},"end":{"line":9,"column":2}},"2":{"start":{"line":12,"column":19},"end":{"line":16,"column":2}},"3":{"start":{"line":26,"column":0},"end":{"line":29,"column":1}}},"fnMap":{},"branchMap":{},"s":{"0":1,"1":1,"2":1,"3":1},"f":{},"b":{},"_coverageSchema":"1a1c01bbd47fc00a2c39e90264f33305004495a9","hash":"1b83a2d08f0cf3336adf1a7d025acc8037e32e77"}
,"D:\\SCHOOL - Copy\\BACK-END-BOOTCAMP\\CLASSWORK\\Quote-API\\utils\\validateToken.js": {"path":"D:\\SCHOOL - Copy\\BACK-END-BOOTCAMP\\CLASSWORK\\Quote-API\\utils\\validateToken.js","statementMap":{"0":{"start":{"line":1,"column":24},"end":{"line":1,"column":52}},"1":{"start":{"line":2,"column":12},"end":{"line":2,"column":35}},"2":{"start":{"line":3,"column":0},"end":{"line":3,"column":25}},"3":{"start":{"line":6,"column":21},"end":{"line":30,"column":1}},"4":{"start":{"line":8,"column":22},"end":{"line":8,"column":47}},"5":{"start":{"line":11,"column":4},"end":{"line":28,"column":5}},"6":{"start":{"line":12,"column":19},"end":{"line":12,"column":43}},"7":{"start":{"line":13,"column":8},"end":{"line":23,"column":10}},"8":{"start":{"line":14,"column":12},"end":{"line":22,"column":13}},"9":{"start":{"line":15,"column":16},"end":{"line":15,"column":37}},"10":{"start":{"line":18,"column":12},"end":{"line":18,"column":29}},"11":{"start":{"line":19,"column":12},"end":{"line":19,"column":19}},"12":{"start":{"line":27,"column":8},"end":{"line":27,"column":72}},"13":{"start":{"line":31,"column":0},"end":{"line":31,"column":31}}},"fnMap":{"0":{"name":"(anonymous_0)","decl":{"start":{"line":6,"column":21},"end":{"line":6,"column":22}},"loc":{"start":{"line":6,"column":37},"end":{"line":30,"column":1}},"line":6},"1":{"name":"(anonymous_1)","decl":{"start":{"line":13,"column":48},"end":{"line":13,"column":49}},"loc":{"start":{"line":13,"column":60},"end":{"line":23,"column":9}},"line":13}},"branchMap":{"0":{"loc":{"start":{"line":11,"column":4},"end":{"line":28,"column":5}},"type":"if","locations":[{"start":{"line":11,"column":4},"end":{"line":28,"column":5}},{"start":{"line":26,"column":8},"end":{"line":28,"column":5}}],"line":11},"1":{"loc":{"start":{"line":14,"column":12},"end":{"line":22,"column":13}},"type":"if","locations":[{"start":{"line":14,"column":12},"end":{"line":22,"column":13}},{"start":{"line":17,"column":16},"end":{"line":22,"column":13}}],"line":14}},"s":{"0":2,"1":2,"2":2,"3":2,"4":1,"5":1,"6":1,"7":1,"8":1,"9":1,"10":0,"11":0,"12":0,"13":2},"f":{"0":1,"1":1},"b":{"0":[1,0],"1":[1,0]},"_coverageSchema":"1a1c01bbd47fc00a2c39e90264f33305004495a9","hash":"c8b5e0aa0634f3cbc1cd8615e5201face8e0eadd"}
}
