TN:
SF:new-server.js
FN:31,(anonymous_0)
FNF:1
FNH:0
FNDA:0,(anonymous_0)
DA:1,1
DA:2,1
DA:3,1
DA:4,1
DA:5,1
DA:6,1
DA:7,1
DA:8,1
DA:12,1
DA:16,1
DA:18,1
DA:21,1
DA:23,1
DA:27,1
DA:28,1
DA:29,1
DA:31,1
DA:32,0
DA:36,1
LF:19
LH:18
BRF:0
BRH:0
end_of_record
TN:
SF:controllers\authorController.js
FN:7,(anonymous_0)
FN:27,(anonymous_1)
FN:56,(anonymous_2)
FN:90,(anonymous_3)
FN:112,(anonymous_4)
FNF:5
FNH:0
FNDA:0,(anonymous_0)
FNDA:0,(anonymous_1)
FNDA:0,(anonymous_2)
FNDA:0,(anonymous_3)
FNDA:0,(anonymous_4)
DA:2,1
DA:3,1
DA:4,1
DA:5,1
DA:7,1
DA:8,0
DA:9,0
DA:14,0
DA:18,0
DA:27,1
DA:28,0
DA:29,0
DA:30,0
DA:41,0
DA:47,0
DA:56,1
DA:57,0
DA:58,0
DA:59,0
DA:60,0
DA:63,0
DA:78,0
DA:82,0
DA:90,1
DA:91,0
DA:92,0
DA:93,0
DA:102,0
DA:105,0
DA:112,1
DA:113,0
DA:114,0
DA:119,0
DA:122,0
DA:130,1
LF:35
LH:10
BRDA:59,0,0,0
BRDA:59,0,1,0
BRDA:59,1,0,0
BRDA:59,1,1,0
BRDA:59,1,2,0
BRDA:59,1,3,0
BRDA:59,1,4,0
BRF:7
BRH:0
end_of_record
TN:
SF:controllers\quoteController.js
FN:6,(anonymous_0)
FN:17,(anonymous_1)
FN:38,(anonymous_2)
FN:72,(anonymous_3)
FN:91,(anonymous_4)
FNF:5
FNH:1
FNDA:1,(anonymous_0)
FNDA:0,(anonymous_1)
FNDA:0,(anonymous_2)
FNDA:0,(anonymous_3)
FNDA:0,(anonymous_4)
DA:1,1
DA:2,1
DA:3,1
DA:4,1
DA:6,1
DA:7,1
DA:8,1
DA:9,1
DA:11,0
DA:17,1
DA:18,0
DA:19,0
DA:20,0
DA:25,0
DA:26,0
DA:28,0
DA:32,0
DA:38,1
DA:39,0
DA:40,0
DA:43,0
DA:44,0
DA:51,0
DA:62,0
DA:66,0
DA:72,1
DA:73,0
DA:74,0
DA:80,0
DA:81,0
DA:83,0
DA:85,0
DA:91,1
DA:92,0
DA:93,0
DA:99,0
DA:100,0
DA:106,0
DA:112,0
DA:118,1
LF:40
LH:13
BRDA:25,0,0,0
BRDA:25,0,1,0
BRDA:43,1,0,0
BRDA:43,1,1,0
BRDA:43,2,0,0
BRDA:43,2,1,0
BRDA:43,2,2,0
BRDA:80,3,0,0
BRDA:80,3,1,0
BRDA:99,4,0,0
BRDA:99,4,1,0
BRF:11
BRH:0
end_of_record
TN:
SF:controllers\userController.js
FN:11,(anonymous_0)
FN:23,(anonymous_1)
FN:53,(anonymous_2)
FNF:3
FNH:0
FNDA:0,(anonymous_0)
FNDA:0,(anonymous_1)
FNDA:0,(anonymous_2)
DA:1,1
DA:2,1
DA:3,1
DA:4,1
DA:5,1
DA:6,1
DA:11,1
DA:12,0
DA:13,0
DA:14,0
DA:16,0
DA:23,1
DA:24,0
DA:25,0
DA:26,0
DA:28,0
DA:40,0
DA:44,0
DA:45,0
DA:53,1
DA:54,0
DA:55,0
DA:57,0
DA:62,0
DA:64,0
DA:66,0
DA:68,0
DA:77,0
DA:80,0
DA:84,0
DA:91,0
DA:143,1
LF:32
LH:10
BRDA:62,0,0,0
BRDA:62,0,1,0
BRDA:66,1,0,0
BRDA:66,1,1,0
BRF:4
BRH:0
end_of_record
TN:
SF:routes\authorsRouter.js
FNF:0
FNH:0
DA:1,1
DA:4,1
DA:5,1
DA:6,1
DA:7,1
DA:10,1
DA:11,1
DA:12,1
DA:13,1
DA:14,1
DA:16,1
LF:11
LH:11
BRF:0
BRH:0
end_of_record
TN:
SF:routes\quotesRouter.js
FNF:0
FNH:0
DA:1,1
DA:3,1
DA:4,1
DA:5,1
DA:6,1
DA:10,1
DA:11,1
DA:12,1
DA:13,1
DA:14,1
DA:17,1
LF:11
LH:11
BRF:0
BRH:0
end_of_record
TN:
SF:routes\usersRouter.js
FNF:0
FNH:0
DA:2,1
DA:3,1
DA:4,1
DA:5,1
DA:9,1
DA:10,1
DA:11,1
DA:15,1
LF:8
LH:8
BRF:0
BRH:0
end_of_record
TN:
SF:utils\joi-quote-validator.js
FN:1,(anonymous_0)
FN:2,(anonymous_1)
FNF:2
FNH:2
FNDA:2,(anonymous_0)
FNDA:1,(anonymous_1)
DA:1,1
DA:2,2
DA:3,1
DA:4,1
DA:5,1
DA:8,0
DA:14,1
DA:17,1
LF:8
LH:7
BRDA:4,0,0,1
BRDA:4,0,1,0
BRF:2
BRH:1
end_of_record
TN:
SF:utils\joi-schemas.js
FNF:0
FNH:0
DA:1,1
DA:3,1
DA:12,1
DA:26,1
LF:4
LH:4
BRF:0
BRH:0
end_of_record
TN:
SF:utils\validateToken.js
FN:6,(anonymous_0)
FN:13,(anonymous_1)
FNF:2
FNH:2
FNDA:1,(anonymous_0)
FNDA:1,(anonymous_1)
DA:1,2
DA:2,2
DA:3,2
DA:6,2
DA:8,1
DA:11,1
DA:12,1
DA:13,1
DA:14,1
DA:15,1
DA:18,0
DA:19,0
DA:27,0
DA:31,2
LF:14
LH:11
BRDA:11,0,0,1
BRDA:11,0,1,0
BRDA:14,1,0,1
BRDA:14,1,1,0
BRF:4
BRH:2
end_of_record
